2026-03-03 23:53:09 - lp_erp - INFO - 🚀 Logging system initialized.
2026-03-03 23:53:10 - lp_erp - INFO - ✅ Database connection pool created.
2026-03-03 23:53:19 - lp_erp - INFO - 🚀 Logging system initialized.
2026-03-03 23:53:19 - lp_erp - INFO - ✅ Database connection pool created.
2026-03-03 23:53:23 - lp_erp - INFO - 🚀 Logging system initialized.
2026-03-03 23:53:23 - lp_erp - INFO - ✅ Database connection pool created.
2026-03-03 23:53:25 - lp_erp - INFO - 🚀 Logging system initialized.
2026-03-03 23:53:25 - lp_erp - INFO - ✅ Database connection pool created.
2026-03-03 23:53:39 - lp_erp - INFO - 🚀 Logging system initialized.
2026-03-03 23:53:40 - lp_erp - INFO - ✅ Database connection pool created.
2026-03-03 23:53:55 - lp_erp - INFO - 🚀 Logging system initialized.
2026-03-03 23:53:56 - lp_erp - INFO - ✅ Database connection pool created.
2026-03-03 23:57:38 - lp_erp - INFO - 🚀 Logging system initialized.
2026-03-03 23:57:38 - lp_erp - INFO - ✅ Database connection pool created.
2026-03-03 23:57:40 - lp_erp - INFO - 🚀 Logging system initialized.
2026-03-03 23:57:40 - lp_erp - INFO - ✅ Database connection pool created.
2026-03-03 23:57:42 - lp_erp - INFO - 🚀 Logging system initialized.
2026-03-03 23:57:42 - lp_erp - INFO - ✅ Database connection pool created.
2026-03-04 00:02:20 - lp_erp - INFO - 🚀 Logging system initialized.
2026-03-04 00:02:20 - lp_erp - INFO - ✅ Database connection pool created.
2026-03-04 00:16:34 - lp_erp - INFO - 🚀 Logging system initialized.
2026-03-04 00:16:34 - lp_erp - INFO - ✅ Database connection pool created.
2026-03-04 00:16:47 - lp_erp - INFO - 🚀 Logging system initialized.
2026-03-04 00:16:47 - lp_erp - INFO - ✅ Database connection pool created.
2026-03-04 00:17:00 - lp_erp - INFO - 🚀 Logging system initialized.
2026-03-04 00:17:00 - lp_erp - INFO - ✅ Database connection pool created.
2026-03-04 00:17:13 - lp_erp - INFO - 🚀 Logging system initialized.
2026-03-04 00:17:14 - lp_erp - INFO - ✅ Database connection pool created.
2026-03-04 00:17:17 - lp_erp - INFO - 🚀 Logging system initialized.
2026-03-04 00:17:17 - lp_erp - INFO - ✅ Database connection pool created.
2026-03-04 00:17:18 - lp_erp - INFO - 🚀 Logging system initialized.
2026-03-04 00:17:19 - lp_erp - INFO - ✅ Database connection pool created.
2026-03-04 00:22:09 - lp_erp - INFO - 🚀 Logging system initialized.
2026-03-04 00:22:09 - lp_erp - INFO - ✅ Database connection pool created.
2026-03-04 00:22:45 - lp_erp - INFO - 🚀 Logging system initialized.
2026-03-04 00:22:45 - lp_erp - INFO - ✅ Database connection pool created.
2026-03-04 00:22:46 - lp_erp - INFO - ✅ Database initialized successfully.
2026-03-04 00:22:46 - lp_erp - WARNING - ℹ️ Info: Seed file not found at C:\Users\xavie\Documents\Proyectos\lpmuebleria\lp-erp-v1\Muebleria Torreón.xlsx. Skipping...
2026-03-04 00:22:57 - lp_erp - INFO - 🚀 Logging system initialized.
2026-03-04 00:22:57 - lp_erp - INFO - ✅ Database connection pool created.
2026-03-04 00:22:58 - lp_erp - INFO - 🚀 Logging system initialized.
2026-03-04 00:22:58 - lp_erp - INFO - ✅ Database connection pool created.
2026-03-04 00:22:59 - lp_erp - INFO - ✅ Database initialized successfully.
2026-03-04 00:22:59 - lp_erp - WARNING - ℹ️ Info: Seed file not found at C:\Users\xavie\Documents\Proyectos\lpmuebleria\lp-erp-v1\Muebleria Torreón.xlsx. Skipping...
2026-03-04 00:23:32 - lp_erp - INFO - 🚀 Logging system initialized.
2026-03-04 00:23:33 - lp_erp - INFO - ✅ Database connection pool created.
2026-03-04 00:23:33 - lp_erp - INFO - ✅ Database initialized successfully.
2026-03-04 00:23:33 - lp_erp - WARNING - ℹ️ Info: Seed file not found at C:\Users\xavie\Documents\Proyectos\lpmuebleria\lp-erp-v1\Muebleria Torreón.xlsx. Skipping...
2026-03-04 00:28:14 - lp_erp - INFO - 🚀 Logging system initialized.
2026-03-04 00:28:14 - lp_erp - INFO - ✅ Database connection pool created.
2026-03-04 00:28:15 - lp_erp - INFO - 🚀 Logging system initialized.
2026-03-04 00:28:15 - lp_erp - INFO - ✅ Database connection pool created.
2026-03-04 00:28:16 - lp_erp - INFO - ✅ Database initialized successfully.
2026-03-04 00:28:16 - lp_erp - WARNING - ℹ️ Info: Seed file not found at C:\Users\xavie\Documents\Proyectos\lpmuebleria\lp-erp-v1\Muebleria Torreón.xlsx. Skipping...
2026-03-04 00:28:33 - lp_erp - INFO - 🚀 Logging system initialized.
2026-03-04 00:28:33 - lp_erp - INFO - ✅ Database connection pool created.
2026-03-04 00:28:33 - lp_erp - INFO - ✅ Database initialized successfully.
2026-03-04 00:28:33 - lp_erp - WARNING - ℹ️ Info: Seed file not found at C:\Users\xavie\Documents\Proyectos\lpmuebleria\lp-erp-v1\Muebleria Torreón.xlsx. Skipping...
2026-03-04 00:28:58 - lp_erp - INFO - 🚀 Logging system initialized.
2026-03-04 00:28:58 - lp_erp - INFO - ✅ Database connection pool created.
2026-03-04 00:28:58 - lp_erp - INFO - ✅ Database initialized successfully.
2026-03-04 00:28:58 - lp_erp - WARNING - ℹ️ Info: Seed file not found at C:\Users\xavie\Documents\Proyectos\lpmuebleria\lp-erp-v1\Muebleria Torreón.xlsx. Skipping...
2026-03-04 00:29:01 - lp_erp - INFO - 🚀 Logging system initialized.
2026-03-04 00:29:01 - lp_erp - INFO - ✅ Database connection pool created.
2026-03-04 00:29:01 - lp_erp - INFO - ✅ Database initialized successfully.
2026-03-04 00:29:01 - lp_erp - WARNING - ℹ️ Info: Seed file not found at C:\Users\xavie\Documents\Proyectos\lpmuebleria\lp-erp-v1\Muebleria Torreón.xlsx. Skipping...
2026-03-04 00:29:14 - lp_erp - INFO - 🚀 Logging system initialized.
2026-03-04 00:29:14 - lp_erp - INFO - ✅ Database connection pool created.
2026-03-04 00:29:15 - lp_erp - INFO - 🚀 Logging system initialized.
2026-03-04 00:29:15 - lp_erp - INFO - ✅ Database connection pool created.
2026-03-04 00:29:16 - lp_erp - INFO - ✅ Database initialized successfully.
2026-03-04 00:29:16 - lp_erp - WARNING - ℹ️ Info: Seed file not found at C:\Users\xavie\Documents\Proyectos\lpmuebleria\lp-erp-v1\Muebleria Torreón.xlsx. Skipping...
2026-03-04 00:29:51 - lp_erp - INFO - 🚀 Logging system initialized.
2026-03-04 00:29:51 - lp_erp - INFO - ✅ Database connection pool created.
2026-03-04 00:29:52 - lp_erp - INFO - ✅ Database initialized successfully.
2026-03-04 00:29:52 - lp_erp - WARNING - ℹ️ Info: Seed file not found at C:\Users\xavie\Documents\Proyectos\lpmuebleria\lp-erp-v1\Muebleria Torreón.xlsx. Skipping...
2026-03-04 00:29:58 - lp_erp - INFO - 🚀 Logging system initialized.
2026-03-04 00:29:58 - lp_erp - INFO - ✅ Database connection pool created.
2026-03-04 00:29:59 - lp_erp - INFO - 🚀 Logging system initialized.
2026-03-04 00:29:59 - lp_erp - INFO - ✅ Database connection pool created.
2026-03-04 00:30:00 - lp_erp - INFO - ✅ Database initialized successfully.
2026-03-04 00:30:00 - lp_erp - WARNING - ℹ️ Info: Seed file not found at C:\Users\xavie\Documents\Proyectos\lpmuebleria\lp-erp-v1\Muebleria Torreón.xlsx. Skipping...
2026-03-04 00:31:50 - lp_erp - INFO - 🚀 Logging system initialized.
2026-03-04 00:31:51 - lp_erp - INFO - ✅ Database connection pool created.
2026-03-04 00:31:52 - lp_erp - INFO - 🚀 Logging system initialized.
2026-03-04 00:31:52 - lp_erp - INFO - ✅ Database connection pool created.
2026-03-04 00:31:53 - lp_erp - INFO - ✅ Database initialized successfully.
2026-03-04 00:31:53 - lp_erp - WARNING - ℹ️ Info: Seed file not found at C:\Users\xavie\Documents\Proyectos\lpmuebleria\lp-erp-v1\Muebleria Torreón.xlsx. Skipping...
2026-03-04 00:32:12 - lp_erp - INFO - 🚀 Logging system initialized.
2026-03-04 00:32:13 - lp_erp - INFO - ✅ Database connection pool created.
2026-03-04 00:32:13 - lp_erp - INFO - ✅ Database initialized successfully.
2026-03-04 00:32:13 - lp_erp - WARNING - ℹ️ Info: Seed file not found at C:\Users\xavie\Documents\Proyectos\lpmuebleria\lp-erp-v1\Muebleria Torreón.xlsx. Skipping...
2026-03-04 00:32:34 - lp_erp - INFO - 🚀 Logging system initialized.
2026-03-04 00:32:34 - lp_erp - INFO - ✅ Database connection pool created.
2026-03-04 00:32:35 - lp_erp - INFO - ✅ Database initialized successfully.
2026-03-04 00:32:35 - lp_erp - WARNING - ℹ️ Info: Seed file not found at C:\Users\xavie\Documents\Proyectos\lpmuebleria\lp-erp-v1\Muebleria Torreón.xlsx. Skipping...
2026-03-04 00:33:09 - lp_erp - INFO - 🚀 Logging system initialized.
2026-03-04 00:33:09 - lp_erp - INFO - ✅ Database connection pool created.
2026-03-04 00:33:10 - lp_erp - INFO - 🚀 Logging system initialized.
2026-03-04 00:33:10 - lp_erp - INFO - ✅ Database connection pool created.
2026-03-04 00:33:11 - lp_erp - INFO - ✅ Database initialized successfully.
2026-03-04 00:33:11 - lp_erp - WARNING - ℹ️ Info: Seed file not found at C:\Users\xavie\Documents\Proyectos\lpmuebleria\lp-erp-v1\Muebleria Torreón.xlsx. Skipping...
2026-03-04 00:33:29 - lp_erp - INFO - Attempting login for user: admin
2026-03-04 00:34:02 - lp_erp - WARNING - Validation error: [{'type': 'json_invalid', 'loc': ('body', 1), 'msg': 'JSON decode error', 'input': {}, 'ctx': {'error': 'Expecting property name enclosed in double quotes'}}]
2026-03-04 00:34:03 - lp_erp - INFO - 🚀 Logging system initialized.
2026-03-04 00:34:03 - lp_erp - INFO - ✅ Database connection pool created.
2026-03-04 00:34:03 - lp_erp - INFO - ✅ Database initialized successfully.
2026-03-04 00:34:03 - lp_erp - WARNING - ℹ️ Info: Seed file not found at C:\Users\xavie\Documents\Proyectos\lpmuebleria\lp-erp-v1\Muebleria Torreón.xlsx. Skipping...
